TN:
SF:middlewares/validatorMiddlewares.ts
FN:9,validateData
FN:30,validateDataAsync
FN:51,validateParamsAsync
FNF:3
FNH:3
FNDA:16,validateData
FNDA:24,validateDataAsync
FNDA:32,validateParamsAsync
DA:1,1
DA:2,1
DA:3,1
DA:4,1
DA:5,1
DA:6,1
DA:7,1
DA:8,1
DA:9,16
DA:10,16
DA:11,6
DA:12,6
DA:13,6
DA:14,6
DA:15,2
DA:16,2
DA:17,12
DA:18,2
DA:19,2
DA:20,2
DA:21,2
DA:22,16
DA:23,16
DA:24,1
DA:25,1
DA:26,1
DA:27,1
DA:28,1
DA:29,1
DA:30,24
DA:31,24
DA:32,0
DA:33,0
DA:34,0
DA:35,0
DA:36,0
DA:37,0
DA:38,0
DA:39,0
DA:40,0
DA:41,0
DA:42,0
DA:43,0
DA:44,24
DA:45,1
DA:46,1
DA:47,1
DA:48,1
DA:49,1
DA:50,1
DA:51,32
DA:52,32
DA:53,0
DA:54,0
DA:55,0
DA:56,0
DA:57,0
DA:58,0
DA:59,0
DA:60,0
DA:61,0
DA:62,0
DA:63,0
DA:64,0
DA:65,0
DA:66,32
LF:66
LH:41
BRDA:9,0,0,16
BRDA:10,1,0,6
BRDA:14,2,0,2
BRDA:16,3,0,12
BRDA:30,4,0,24
BRDA:51,5,0,32
BRF:6
BRH:6
end_of_record
TN:
SF:src/index.ts
FNF:0
FNH:0
DA:1,1
DA:2,1
DA:3,1
DA:4,1
DA:5,1
DA:6,1
DA:7,1
DA:8,1
DA:9,1
DA:10,1
DA:11,1
DA:12,1
DA:13,1
DA:14,1
DA:15,1
DA:16,1
DA:17,1
DA:18,1
DA:19,1
DA:20,1
DA:21,1
DA:22,1
DA:23,1
DA:24,1
DA:25,1
DA:26,1
DA:27,1
DA:28,1
DA:29,1
DA:30,1
DA:31,1
DA:32,1
DA:33,1
DA:34,1
DA:35,1
DA:36,1
DA:37,1
DA:38,1
DA:39,1
DA:40,1
DA:41,1
DA:42,1
DA:43,1
DA:44,1
DA:45,1
DA:46,1
DA:47,1
DA:48,1
DA:49,1
DA:50,1
DA:51,1
DA:52,1
DA:53,1
DA:54,1
DA:55,1
DA:56,1
DA:57,1
DA:58,1
DA:59,1
DA:60,8
DA:61,8
DA:62,1
DA:63,1
LF:63
LH:63
BRDA:14,0,0,0
BRDA:59,1,0,8
BRF:2
BRH:1
end_of_record
TN:
SF:src/services/auth.services.ts
FN:17,GenerateToken
FN:32,AuthenticateUser
FN:58,CreateUser
FN:112,GetAllUsers
FNF:4
FNH:4
FNDA:2,GenerateToken
FNDA:2,AuthenticateUser
FNDA:2,CreateUser
FNDA:1,GetAllUsers
DA:1,1
DA:2,1
DA:3,1
DA:4,1
DA:5,1
DA:6,1
DA:7,1
DA:8,1
DA:9,1
DA:10,1
DA:11,1
DA:12,1
DA:13,1
DA:14,1
DA:15,1
DA:16,1
DA:17,1
DA:18,2
DA:19,2
DA:20,2
DA:21,2
DA:22,2
DA:23,2
DA:24,2
DA:25,2
DA:26,1
DA:27,1
DA:28,1
DA:29,1
DA:30,1
DA:31,1
DA:32,1
DA:33,2
DA:34,2
DA:35,2
DA:36,2
DA:37,2
DA:38,2
DA:39,2
DA:40,2
DA:41,2
DA:42,2
DA:43,1
DA:44,1
DA:45,1
DA:46,1
DA:47,1
DA:48,1
DA:49,1
DA:50,1
DA:51,2
DA:52,1
DA:53,1
DA:54,1
DA:55,1
DA:56,1
DA:57,1
DA:58,1
DA:59,2
DA:60,2
DA:61,2
DA:62,2
DA:63,1
DA:64,1
DA:65,1
DA:66,1
DA:67,2
DA:68,1
DA:69,1
DA:70,1
DA:71,1
DA:72,2
DA:73,2
DA:74,2
DA:75,2
DA:76,2
DA:77,2
DA:78,2
DA:79,2
DA:80,2
DA:81,2
DA:82,2
DA:83,2
DA:84,2
DA:85,2
DA:86,2
DA:87,2
DA:88,2
DA:89,2
DA:90,2
DA:91,2
DA:92,2
DA:93,2
DA:94,2
DA:95,2
DA:96,2
DA:97,2
DA:98,2
DA:99,2
DA:100,1
DA:101,1
DA:102,1
DA:103,1
DA:104,1
DA:105,1
DA:106,1
DA:107,1
DA:108,1
DA:109,2
DA:110,1
DA:111,1
DA:112,1
DA:113,1
DA:114,1
DA:115,1
DA:116,1
DA:117,1
DA:118,0
DA:119,0
DA:120,1
DA:121,1
DA:122,1
DA:123,0
DA:124,0
DA:125,1
LF:125
LH:121
BRDA:17,0,0,2
BRDA:32,1,0,2
BRDA:32,2,0,2
BRDA:42,3,0,1
BRDA:42,4,0,1
BRDA:58,5,0,2
BRDA:58,6,0,2
BRDA:63,7,0,1
BRDA:67,8,0,0
BRDA:68,9,0,1
BRDA:72,10,0,0
BRDA:73,11,0,1
BRDA:73,12,0,0
BRDA:90,13,0,1
BRDA:90,14,0,0
BRDA:90,15,0,1
BRDA:100,16,0,1
BRDA:112,17,0,1
BRDA:112,18,0,1
BRDA:117,19,0,0
BRDA:122,20,0,0
BRF:21
BRH:15
end_of_record
