TN:
SF:config/multer.ts
FN:10,destination
FN:19,filename
FN:33,fileFilter
FNF:3
FNH:0
FNDA:0,destination
FNDA:0,filename
FNDA:0,fileFilter
DA:1,1
DA:2,1
DA:3,1
DA:4,1
DA:5,1
DA:6,1
DA:7,1
DA:8,1
DA:9,1
DA:10,1
DA:11,0
DA:12,0
DA:13,0
DA:14,0
DA:15,0
DA:16,0
DA:17,1
DA:18,1
DA:19,1
DA:20,0
DA:21,0
DA:22,0
DA:23,0
DA:24,0
DA:25,0
DA:26,0
DA:27,0
DA:28,0
DA:29,1
DA:30,1
DA:31,1
DA:32,1
DA:33,1
DA:34,0
DA:35,0
DA:36,0
DA:37,0
DA:38,0
DA:39,0
DA:40,0
DA:41,0
DA:42,0
DA:43,0
DA:44,0
DA:45,0
DA:46,0
DA:47,0
DA:48,0
DA:49,1
DA:50,1
DA:51,1
DA:52,1
DA:53,1
DA:54,1
DA:55,1
DA:56,1
LF:56
LH:26
BRF:0
BRH:0
end_of_record
TN:
SF:middlewares/authMiddlewares.ts
FN:8,authHandler
FNF:1
FNH:1
FNDA:19,authHandler
DA:1,1
DA:2,1
DA:3,1
DA:4,1
DA:5,1
DA:6,1
DA:7,1
DA:8,19
DA:9,19
DA:10,18
DA:11,18
DA:12,18
DA:13,18
DA:14,18
DA:15,18
DA:16,17
DA:17,17
DA:18,17
DA:19,17
DA:20,17
DA:21,18
DA:22,17
DA:23,17
DA:24,17
DA:25,18
DA:26,17
DA:27,18
DA:28,0
DA:29,0
DA:30,18
DA:31,0
DA:32,0
DA:33,18
DA:34,18
DA:35,19
DA:36,19
DA:37,19
LF:37
LH:33
BRDA:8,0,0,19
BRDA:9,1,0,18
BRDA:9,2,0,18
BRDA:13,3,0,0
BRDA:15,4,0,1
BRDA:16,5,0,17
BRDA:21,6,0,0
BRDA:22,7,0,17
BRDA:25,8,0,17
BRDA:27,9,0,0
BRDA:30,10,0,0
BRF:11
BRH:7
end_of_record
TN:
SF:middlewares/errorMiddlewares.ts
FN:3,errorHandler
FNF:1
FNH:1
FNDA:2,errorHandler
DA:1,1
DA:2,1
DA:3,2
DA:4,2
DA:5,2
DA:6,2
DA:7,0
DA:8,2
DA:9,1
DA:10,1
DA:11,0
DA:12,1
DA:13,0
DA:14,1
DA:15,1
DA:16,1
DA:17,0
DA:18,0
DA:19,2
LF:19
LH:14
BRDA:3,0,0,2
BRDA:6,1,0,0
BRDA:8,2,0,1
BRDA:10,3,0,0
BRDA:12,4,0,0
BRDA:16,5,0,0
BRF:6
BRH:2
end_of_record
TN:
SF:middlewares/validatorMiddlewares.ts
FN:9,validateData
FN:30,validateDataAsync
FN:52,validateParamsAsync
FNF:3
FNH:3
FNDA:2,validateData
FNDA:3,validateDataAsync
FNDA:4,validateParamsAsync
DA:1,1
DA:2,1
DA:3,1
DA:4,1
DA:5,1
DA:6,1
DA:7,1
DA:8,1
DA:9,2
DA:10,2
DA:11,6
DA:12,6
DA:13,6
DA:14,6
DA:15,2
DA:16,2
DA:17,12
DA:18,2
DA:19,2
DA:20,2
DA:21,2
DA:22,2
DA:23,2
DA:24,1
DA:25,1
DA:26,1
DA:27,1
DA:28,1
DA:29,1
DA:30,3
DA:31,3
DA:32,14
DA:33,14
DA:34,14
DA:35,10
DA:36,14
DA:37,4
DA:38,4
DA:39,7
DA:40,4
DA:41,4
DA:42,4
DA:43,4
DA:44,14
DA:45,3
DA:46,1
DA:47,1
DA:48,1
DA:49,1
DA:50,1
DA:51,1
DA:52,4
DA:53,4
DA:54,4
DA:55,4
DA:56,4
DA:57,2
DA:58,2
DA:59,2
DA:60,2
DA:61,2
DA:62,2
DA:63,2
DA:64,2
DA:65,2
DA:66,4
DA:67,4
LF:67
LH:67
BRDA:9,0,0,2
BRDA:10,1,0,6
BRDA:14,2,0,2
BRDA:16,3,0,12
BRDA:30,4,0,3
BRDA:31,5,0,14
BRDA:31,6,0,14
BRDA:35,7,0,10
BRDA:36,8,0,4
BRDA:38,9,0,7
BRDA:52,10,0,4
BRDA:53,11,0,4
BRDA:53,12,0,4
BRDA:57,13,0,2
BRDA:60,14,0,2
BRF:15
BRH:15
end_of_record
TN:
SF:src/index.ts
FNF:0
FNH:0
DA:1,1
DA:2,1
DA:3,1
DA:4,1
DA:5,1
DA:6,1
DA:7,1
DA:8,1
DA:9,1
DA:10,1
DA:11,1
DA:12,1
DA:13,1
DA:14,1
DA:15,1
DA:16,1
DA:17,1
DA:18,1
DA:19,1
DA:20,1
DA:21,1
DA:22,1
DA:23,1
DA:24,1
DA:25,1
DA:26,1
DA:27,1
DA:28,1
DA:29,1
DA:30,1
DA:31,1
DA:32,1
DA:33,1
DA:34,1
DA:35,1
DA:36,1
DA:37,1
DA:38,1
DA:39,1
DA:40,1
DA:41,1
DA:42,1
DA:43,1
DA:44,1
DA:45,1
DA:46,1
DA:47,1
DA:48,1
DA:49,1
DA:50,1
DA:51,1
DA:52,1
DA:53,1
DA:54,1
DA:55,1
DA:56,1
DA:57,1
DA:58,1
DA:59,1
DA:60,1
DA:61,0
DA:62,0
DA:63,1
DA:64,1
DA:65,1
DA:66,1
DA:67,1
DA:68,1
DA:69,1
DA:70,1
DA:71,1
DA:72,1
DA:73,1
DA:74,1
DA:75,1
DA:76,1
DA:77,1
DA:78,0
DA:79,0
DA:80,0
DA:81,0
DA:82,0
DA:83,0
DA:84,0
DA:85,0
DA:86,0
DA:87,0
DA:88,0
DA:89,0
DA:90,0
DA:91,0
DA:92,1
DA:93,1
DA:94,1
DA:95,1
DA:96,0
DA:97,0
DA:98,0
DA:99,0
LF:99
LH:79
BRDA:17,0,0,0
BRDA:60,1,0,0
BRDA:95,2,0,0
BRF:3
BRH:0
end_of_record
TN:
SF:src/controllers/auth.controller.ts
FN:15,Login
FN:34,Register
FN:73,GetAll
FN:82,Test
FNF:4
FNH:3
FNDA:2,Login
FNDA:2,Register
FNDA:1,GetAll
FNDA:0,Test
DA:1,1
DA:2,1
DA:3,1
DA:4,1
DA:5,1
DA:6,1
DA:7,1
DA:8,1
DA:9,1
DA:10,1
DA:11,1
DA:12,1
DA:13,1
DA:14,1
DA:15,1
DA:16,2
DA:17,2
DA:18,2
DA:19,1
DA:20,1
DA:21,1
DA:22,1
DA:23,1
DA:24,1
DA:25,2
DA:26,1
DA:27,1
DA:28,1
DA:29,1
DA:30,1
DA:31,1
DA:32,1
DA:33,1
DA:34,1
DA:35,2
DA:36,2
DA:37,2
DA:38,2
DA:39,2
DA:40,2
DA:41,2
DA:42,2
DA:43,2
DA:44,2
DA:45,2
DA:46,2
DA:47,2
DA:48,2
DA:49,2
DA:50,2
DA:51,2
DA:52,2
DA:53,2
DA:54,2
DA:55,2
DA:56,2
DA:57,2
DA:58,2
DA:59,2
DA:60,2
DA:61,2
DA:62,2
DA:63,2
DA:64,2
DA:65,2
DA:66,1
DA:67,1
DA:68,1
DA:69,1
DA:70,1
DA:71,2
DA:72,1
DA:73,1
DA:74,1
DA:75,1
DA:76,1
DA:77,1
DA:78,0
DA:79,0
DA:80,1
DA:81,1
DA:82,1
DA:83,0
DA:84,0
DA:85,0
DA:86,0
DA:87,0
DA:88,0
DA:89,0
DA:90,0
DA:91,0
DA:92,0
LF:92
LH:80
BRDA:15,0,0,2
BRDA:15,1,0,2
BRDA:19,2,0,1
BRDA:34,3,0,2
BRDA:34,4,0,2
BRDA:51,5,0,0
BRDA:66,6,0,1
BRDA:73,7,0,1
BRDA:73,8,0,1
BRDA:77,9,0,0
BRF:10
BRH:8
end_of_record
TN:
SF:src/controllers/chat.controller.ts
FN:6,GetChats
FN:17,GetOneById
FN:29,GetChatByUserId
FNF:3
FNH:3
FNDA:3,GetChats
FNDA:2,GetOneById
FNDA:2,GetChatByUserId
DA:1,1
DA:2,1
DA:3,1
DA:4,1
DA:5,1
DA:6,1
DA:7,3
DA:8,3
DA:9,2
DA:10,2
DA:11,3
DA:12,1
DA:13,1
DA:14,3
DA:15,1
DA:16,1
DA:17,1
DA:18,2
DA:19,2
DA:20,2
DA:21,1
DA:22,1
DA:23,1
DA:24,1
DA:25,1
DA:26,2
DA:27,1
DA:28,1
DA:29,1
DA:30,2
DA:31,2
DA:32,2
DA:33,1
DA:34,1
DA:35,1
DA:36,1
DA:37,2
LF:37
LH:37
BRDA:6,0,0,3
BRDA:6,1,0,3
BRDA:9,2,0,2
BRDA:11,3,0,1
BRDA:17,4,0,2
BRDA:17,5,0,2
BRDA:21,6,0,1
BRDA:29,7,0,2
BRDA:29,8,0,2
BRDA:33,9,0,1
BRF:10
BRH:10
end_of_record
TN:
SF:src/controllers/message.controller.ts
FN:7,GetMessages
FN:17,GetOneById
FN:29,PostMessage
FNF:3
FNH:3
FNDA:2,GetMessages
FNDA:1,GetOneById
FNDA:2,PostMessage
DA:1,1
DA:2,1
DA:3,1
DA:4,1
DA:5,1
DA:6,1
DA:7,1
DA:8,2
DA:9,2
DA:10,1
DA:11,1
DA:12,1
DA:13,1
DA:14,2
DA:15,1
DA:16,1
DA:17,1
DA:18,1
DA:19,1
DA:20,1
DA:21,0
DA:22,1
DA:23,1
DA:24,1
DA:25,1
DA:26,1
DA:27,1
DA:28,1
DA:29,1
DA:30,2
DA:31,2
DA:32,2
DA:33,2
DA:34,2
DA:35,2
DA:36,2
DA:37,2
DA:38,0
DA:39,0
DA:40,2
LF:40
LH:37
BRDA:7,0,0,2
BRDA:7,1,0,2
BRDA:10,2,0,1
BRDA:17,3,0,1
BRDA:17,4,0,1
BRDA:21,5,0,0
BRDA:29,6,0,2
BRDA:29,7,0,2
BRDA:37,8,0,0
BRF:9
BRH:7
end_of_record
TN:
SF:src/controllers/request.controller.ts
FN:16,GetRequests
FN:26,GetOneById
FN:37,PostRequest
FN:57,PatchRequest
FN:85,DeleteById
FNF:5
FNH:5
FNDA:2,GetRequests
FNDA:2,GetOneById
FNDA:4,PostRequest
FNDA:1,PatchRequest
FNDA:1,DeleteById
DA:1,1
DA:2,1
DA:3,1
DA:4,1
DA:5,1
DA:6,1
DA:7,1
DA:8,1
DA:9,1
DA:10,1
DA:11,1
DA:12,1
DA:13,1
DA:14,1
DA:15,1
DA:16,1
DA:17,2
DA:18,2
DA:19,1
DA:20,1
DA:21,1
DA:22,1
DA:23,2
DA:24,1
DA:25,1
DA:26,1
DA:27,2
DA:28,2
DA:29,2
DA:30,1
DA:31,1
DA:32,1
DA:33,1
DA:34,2
DA:35,1
DA:36,1
DA:37,1
DA:38,4
DA:39,4
DA:40,4
DA:41,4
DA:42,4
DA:43,4
DA:44,4
DA:45,4
DA:46,4
DA:47,4
DA:48,4
DA:49,4
DA:50,4
DA:51,4
DA:52,4
DA:53,0
DA:54,0
DA:55,4
DA:56,1
DA:57,1
DA:58,1
DA:59,1
DA:60,1
DA:61,1
DA:62,1
DA:63,1
DA:64,1
DA:65,1
DA:66,1
DA:67,1
DA:68,1
DA:69,1
DA:70,1
DA:71,1
DA:72,1
DA:73,1
DA:74,1
DA:75,1
DA:76,1
DA:77,1
DA:78,1
DA:79,1
DA:80,0
DA:81,0
DA:82,1
DA:83,1
DA:84,1
DA:85,1
DA:86,1
DA:87,1
DA:88,1
DA:89,1
DA:90,1
DA:91,0
DA:92,0
DA:93,1
LF:93
LH:87
BRDA:16,0,0,2
BRDA:16,1,0,2
BRDA:19,2,0,1
BRDA:26,3,0,2
BRDA:26,4,0,2
BRDA:30,5,0,1
BRDA:37,6,0,4
BRDA:37,7,0,4
BRDA:41,8,0,0
BRDA:52,9,0,0
BRDA:57,10,0,1
BRDA:57,11,0,1
BRDA:61,12,0,0
BRDA:67,13,0,0
BRDA:79,14,0,0
BRDA:85,15,0,1
BRDA:85,16,0,1
BRDA:90,17,0,0
BRF:18
BRH:12
end_of_record
TN:
SF:src/controllers/response.controller.ts
FN:11,GetResponses
FN:21,GetOneById
FN:32,PostResponse
FN:46,PatchResponse
FN:61,DeleteById
FNF:5
FNH:5
FNDA:2,GetResponses
FNDA:2,GetOneById
FNDA:4,PostResponse
FNDA:1,PatchResponse
FNDA:1,DeleteById
DA:1,1
DA:2,1
DA:3,1
DA:4,1
DA:5,1
DA:6,1
DA:7,1
DA:8,1
DA:9,1
DA:10,1
DA:11,1
DA:12,2
DA:13,2
DA:14,1
DA:15,1
DA:16,1
DA:17,1
DA:18,2
DA:19,1
DA:20,1
DA:21,1
DA:22,2
DA:23,2
DA:24,2
DA:25,1
DA:26,1
DA:27,1
DA:28,1
DA:29,2
DA:30,1
DA:31,1
DA:32,1
DA:33,4
DA:34,4
DA:35,4
DA:36,4
DA:37,4
DA:38,4
DA:39,4
DA:40,4
DA:41,0
DA:42,0
DA:43,4
DA:44,1
DA:45,1
DA:46,1
DA:47,1
DA:48,1
DA:49,1
DA:50,1
DA:51,1
DA:52,1
DA:53,1
DA:54,1
DA:55,1
DA:56,0
DA:57,0
DA:58,1
DA:59,1
DA:60,1
DA:61,1
DA:62,1
DA:63,1
DA:64,1
DA:65,1
DA:66,1
DA:67,1
DA:68,1
DA:69,0
DA:70,0
DA:71,1
LF:71
LH:65
BRDA:11,0,0,2
BRDA:11,1,0,2
BRDA:14,2,0,1
BRDA:21,3,0,2
BRDA:21,4,0,2
BRDA:25,5,0,1
BRDA:32,6,0,4
BRDA:32,7,0,4
BRDA:36,8,0,0
BRDA:40,9,0,0
BRDA:46,10,0,1
BRDA:46,11,0,1
BRDA:55,12,0,0
BRDA:61,13,0,1
BRDA:61,14,0,1
BRDA:68,15,0,0
BRF:16
BRH:12
end_of_record
TN:
SF:src/controllers/skill.controller.ts
FN:6,GetSkills
FN:16,GetOneById
FNF:2
FNH:2
FNDA:1,GetSkills
FNDA:2,GetOneById
DA:1,1
DA:2,1
DA:3,1
DA:4,1
DA:5,1
DA:6,1
DA:7,1
DA:8,1
DA:9,1
DA:10,1
DA:11,0
DA:12,0
DA:13,1
DA:14,1
DA:15,1
DA:16,1
DA:17,2
DA:18,2
DA:19,2
DA:20,1
DA:21,1
DA:22,1
DA:23,1
DA:24,2
LF:24
LH:22
BRDA:6,0,0,1
BRDA:6,1,0,1
BRDA:10,2,0,0
BRDA:16,3,0,2
BRDA:16,4,0,2
BRDA:20,5,0,1
BRF:6
BRH:5
end_of_record
TN:
SF:src/routes/auth.routes.ts
FNF:0
FNH:0
DA:1,1
DA:2,1
DA:3,1
DA:4,1
DA:5,1
DA:6,1
DA:7,1
DA:8,1
DA:9,1
DA:10,1
DA:11,1
DA:12,1
DA:13,1
DA:14,1
DA:15,1
LF:15
LH:15
BRF:0
BRH:0
end_of_record
TN:
SF:src/routes/chat.routes.ts
FNF:0
FNH:0
DA:1,1
DA:2,1
DA:3,1
DA:4,1
DA:5,1
DA:6,1
DA:7,1
DA:8,1
DA:9,1
DA:10,1
DA:11,1
DA:12,1
LF:12
LH:12
BRF:0
BRH:0
end_of_record
TN:
SF:src/routes/message.routes.ts
FNF:0
FNH:0
DA:1,1
DA:2,1
DA:3,1
DA:4,1
DA:5,1
DA:6,1
DA:7,1
DA:8,1
DA:9,1
DA:10,1
DA:11,1
DA:12,1
DA:13,1
DA:14,1
LF:14
LH:14
BRF:0
BRH:0
end_of_record
TN:
SF:src/routes/request.routes.ts
FNF:0
FNH:0
DA:1,1
DA:2,1
DA:3,1
DA:4,1
DA:5,1
DA:6,1
DA:7,1
DA:8,1
DA:9,1
DA:10,1
DA:11,1
DA:12,1
DA:13,1
DA:14,1
DA:15,1
DA:16,1
DA:17,1
LF:17
LH:17
BRF:0
BRH:0
end_of_record
TN:
SF:src/routes/response.routes.ts
FNF:0
FNH:0
DA:1,1
DA:2,1
DA:3,1
DA:4,1
DA:5,1
DA:6,1
DA:7,1
DA:8,1
DA:9,1
DA:10,1
DA:11,1
DA:12,1
DA:13,1
DA:14,1
DA:15,1
LF:15
LH:15
BRF:0
BRH:0
end_of_record
TN:
SF:src/routes/skill.routes.ts
FNF:0
FNH:0
DA:1,1
DA:2,1
DA:3,1
DA:4,1
DA:5,1
DA:6,1
DA:7,1
DA:8,1
DA:9,1
DA:10,1
LF:10
LH:10
BRF:0
BRH:0
end_of_record
TN:
SF:src/services/auth.services.ts
FN:17,GenerateToken
FN:32,AuthenticateUser
FN:58,CreateUser
FN:112,GetAllUsers
FNF:4
FNH:4
FNDA:12,GenerateToken
FNDA:12,AuthenticateUser
FNDA:2,CreateUser
FNDA:1,GetAllUsers
DA:1,1
DA:2,1
DA:3,1
DA:4,1
DA:5,1
DA:6,1
DA:7,1
DA:8,1
DA:9,1
DA:10,1
DA:11,1
DA:12,1
DA:13,1
DA:14,1
DA:15,1
DA:16,1
DA:17,1
DA:18,12
DA:19,12
DA:20,12
DA:21,12
DA:22,12
DA:23,12
DA:24,12
DA:25,12
DA:26,1
DA:27,1
DA:28,1
DA:29,1
DA:30,1
DA:31,1
DA:32,1
DA:33,12
DA:34,12
DA:35,12
DA:36,12
DA:37,12
DA:38,12
DA:39,12
DA:40,12
DA:41,12
DA:42,12
DA:43,0
DA:44,0
DA:45,12
DA:46,12
DA:47,12
DA:48,12
DA:49,0
DA:50,0
DA:51,12
DA:52,1
DA:53,1
DA:54,1
DA:55,1
DA:56,1
DA:57,1
DA:58,1
DA:59,2
DA:60,2
DA:61,2
DA:62,2
DA:63,1
DA:64,1
DA:65,1
DA:66,1
DA:67,2
DA:68,1
DA:69,1
DA:70,1
DA:71,1
DA:72,2
DA:73,2
DA:74,2
DA:75,2
DA:76,2
DA:77,2
DA:78,2
DA:79,2
DA:80,2
DA:81,2
DA:82,2
DA:83,2
DA:84,2
DA:85,2
DA:86,2
DA:87,2
DA:88,2
DA:89,2
DA:90,2
DA:91,2
DA:92,2
DA:93,2
DA:94,2
DA:95,2
DA:96,2
DA:97,2
DA:98,2
DA:99,2
DA:100,1
DA:101,1
DA:102,1
DA:103,1
DA:104,1
DA:105,1
DA:106,1
DA:107,1
DA:108,1
DA:109,2
DA:110,1
DA:111,1
DA:112,1
DA:113,1
DA:114,1
DA:115,1
DA:116,1
DA:117,1
DA:118,0
DA:119,0
DA:120,1
DA:121,1
DA:122,1
DA:123,0
DA:124,0
DA:125,1
LF:125
LH:117
BRDA:17,0,0,12
BRDA:32,1,0,12
BRDA:32,2,0,12
BRDA:42,3,0,0
BRDA:48,4,0,0
BRDA:58,5,0,2
BRDA:58,6,0,2
BRDA:63,7,0,1
BRDA:67,8,0,0
BRDA:68,9,0,1
BRDA:72,10,0,0
BRDA:73,11,0,1
BRDA:73,12,0,0
BRDA:90,13,0,1
BRDA:90,14,0,0
BRDA:90,15,0,1
BRDA:100,16,0,1
BRDA:112,17,0,1
BRDA:112,18,0,1
BRDA:117,19,0,0
BRDA:122,20,0,0
BRF:21
BRH:13
end_of_record
TN:
SF:src/services/chat.services.ts
FN:10,GetAllChats
FN:35,GetAllChatsByUserId
FN:98,GetOneChatById
FNF:3
FNH:3
FNDA:3,GetAllChats
FNDA:2,GetAllChatsByUserId
FNDA:2,GetOneChatById
DA:1,1
DA:2,1
DA:3,1
DA:4,1
DA:5,1
DA:6,1
DA:7,1
DA:8,1
DA:9,1
DA:10,1
DA:11,3
DA:12,3
DA:13,3
DA:14,3
DA:15,3
DA:16,3
DA:17,3
DA:18,3
DA:19,3
DA:20,3
DA:21,3
DA:22,3
DA:23,3
DA:24,3
DA:25,3
DA:26,1
DA:27,1
DA:28,2
DA:29,2
DA:30,1
DA:31,1
DA:32,1
DA:33,1
DA:34,1
DA:35,1
DA:36,2
DA:37,2
DA:38,2
DA:39,2
DA:40,2
DA:41,2
DA:42,2
DA:43,2
DA:44,2
DA:45,2
DA:46,2
DA:47,2
DA:48,2
DA:49,2
DA:50,2
DA:51,2
DA:52,2
DA:53,2
DA:54,2
DA:55,2
DA:56,2
DA:57,2
DA:58,2
DA:59,2
DA:60,2
DA:61,2
DA:62,2
DA:63,2
DA:64,2
DA:65,1
DA:66,1
DA:67,1
DA:68,1
DA:69,1
DA:70,1
DA:71,1
DA:72,1
DA:73,1
DA:74,1
DA:75,1
DA:76,1
DA:77,1
DA:78,1
DA:79,1
DA:80,1
DA:81,1
DA:82,1
DA:83,1
DA:84,1
DA:85,1
DA:86,1
DA:87,1
DA:88,1
DA:89,1
DA:90,1
DA:91,1
DA:92,1
DA:93,1
DA:94,1
DA:95,1
DA:96,1
DA:97,1
DA:98,1
DA:99,2
DA:100,2
DA:101,2
DA:102,2
DA:103,2
DA:104,2
DA:105,2
DA:106,2
DA:107,2
DA:108,2
DA:109,2
DA:110,2
DA:111,2
DA:112,2
DA:113,1
DA:114,1
DA:115,1
DA:116,1
LF:116
LH:116
BRDA:10,0,0,3
BRDA:10,1,0,3
BRDA:25,2,0,1
BRDA:28,3,0,2
BRDA:35,4,0,2
BRDA:35,5,0,2
BRDA:64,6,0,1
BRDA:71,7,0,1
BRDA:74,8,0,0
BRDA:75,9,0,0
BRDA:98,10,0,2
BRDA:98,11,0,2
BRDA:112,12,0,1
BRF:13
BRH:11
end_of_record
TN:
SF:src/services/message.services.ts
FN:12,GetAllMessages
FN:41,GetOneMessageById
FN:62,CreateMessage
FNF:3
FNH:2
FNDA:2,GetAllMessages
FNDA:0,GetOneMessageById
FNDA:2,CreateMessage
DA:1,1
DA:2,1
DA:3,1
DA:4,1
DA:5,1
DA:6,1
DA:7,1
DA:8,1
DA:9,1
DA:10,1
DA:11,1
DA:12,1
DA:13,2
DA:14,2
DA:15,2
DA:16,2
DA:17,2
DA:18,1
DA:19,1
DA:20,1
DA:21,1
DA:22,1
DA:23,1
DA:24,1
DA:25,1
DA:26,1
DA:27,1
DA:28,1
DA:29,1
DA:30,1
DA:31,1
DA:32,1
DA:33,1
DA:34,1
DA:35,1
DA:36,1
DA:37,1
DA:38,1
DA:39,1
DA:40,1
DA:41,1
DA:42,0
DA:43,0
DA:44,0
DA:45,0
DA:46,0
DA:47,0
DA:48,0
DA:49,0
DA:50,0
DA:51,0
DA:52,0
DA:53,0
DA:54,0
DA:55,0
DA:56,0
DA:57,0
DA:58,0
DA:59,0
DA:60,1
DA:61,1
DA:62,1
DA:63,2
DA:64,2
DA:65,2
DA:66,2
DA:67,2
DA:68,2
DA:69,2
DA:70,2
DA:71,2
DA:72,2
DA:73,2
DA:74,2
DA:75,2
DA:76,2
DA:77,2
DA:78,2
DA:79,2
DA:80,2
DA:81,2
DA:82,2
DA:83,2
DA:84,2
DA:85,2
DA:86,2
DA:87,2
DA:88,2
DA:89,0
DA:90,0
DA:91,2
LF:91
LH:71
BRDA:12,0,0,2
BRDA:12,1,0,2
BRDA:17,2,0,1
BRDA:62,3,0,2
BRDA:62,4,0,2
BRDA:88,5,0,0
BRF:6
BRH:5
end_of_record
TN:
SF:src/services/request.services.ts
FN:11,GetAllRequest
FN:30,GetOneRequestById
FN:58,CreateRequest
FN:108,UpdateRequest
FN:167,DeleteRequest
FNF:5
FNH:5
FNDA:2,GetAllRequest
FNDA:2,GetOneRequestById
FNDA:4,CreateRequest
FNDA:1,UpdateRequest
FNDA:1,DeleteRequest
DA:1,1
DA:2,1
DA:3,1
DA:4,1
DA:5,1
DA:6,1
DA:7,1
DA:8,1
DA:9,1
DA:10,1
DA:11,1
DA:12,2
DA:13,2
DA:14,2
DA:15,2
DA:16,1
DA:17,1
DA:18,1
DA:19,1
DA:20,1
DA:21,1
DA:22,1
DA:23,2
DA:24,1
DA:25,1
DA:26,1
DA:27,1
DA:28,1
DA:29,1
DA:30,1
DA:31,2
DA:32,2
DA:33,2
DA:34,2
DA:35,2
DA:36,2
DA:37,2
DA:38,2
DA:39,2
DA:40,2
DA:41,2
DA:42,2
DA:43,2
DA:44,2
DA:45,2
DA:46,2
DA:47,2
DA:48,2
DA:49,2
DA:50,1
DA:51,1
DA:52,1
DA:53,1
DA:54,1
DA:55,1
DA:56,2
DA:57,1
DA:58,1
DA:59,4
DA:60,4
DA:61,4
DA:62,4
DA:63,4
DA:64,4
DA:65,4
DA:66,0
DA:67,4
DA:68,4
DA:69,0
DA:70,0
DA:71,4
DA:72,4
DA:73,4
DA:74,4
DA:75,4
DA:76,4
DA:77,4
DA:78,4
DA:79,4
DA:80,4
DA:81,4
DA:82,4
DA:83,4
DA:84,4
DA:85,4
DA:86,4
DA:87,4
DA:88,4
DA:89,4
DA:90,4
DA:91,4
DA:92,4
DA:93,4
DA:94,4
DA:95,4
DA:96,4
DA:97,4
DA:98,4
DA:99,4
DA:100,4
DA:101,4
DA:102,4
DA:103,4
DA:104,0
DA:105,0
DA:106,4
DA:107,1
DA:108,1
DA:109,1
DA:110,1
DA:111,1
DA:112,1
DA:113,1
DA:114,1
DA:115,1
DA:116,1
DA:117,0
DA:118,1
DA:119,1
DA:120,0
DA:121,0
DA:122,1
DA:123,1
DA:124,1
DA:125,1
DA:126,1
DA:127,1
DA:128,1
DA:129,1
DA:130,1
DA:131,1
DA:132,1
DA:133,0
DA:134,0
DA:135,0
DA:136,0
DA:137,0
DA:138,1
DA:139,1
DA:140,1
DA:141,1
DA:142,1
DA:143,2
DA:144,1
DA:145,1
DA:146,1
DA:147,1
DA:148,1
DA:149,1
DA:150,1
DA:151,1
DA:152,1
DA:153,1
DA:154,1
DA:155,1
DA:156,1
DA:157,0
DA:158,0
DA:159,1
DA:160,1
DA:161,1
DA:162,1
DA:163,1
DA:164,1
DA:165,1
DA:166,1
DA:167,1
DA:168,1
DA:169,1
DA:170,1
DA:171,1
DA:172,1
DA:173,1
DA:174,1
DA:175,1
DA:176,0
DA:177,0
DA:178,1
DA:179,1
DA:180,1
DA:181,1
DA:182,1
DA:183,1
DA:184,1
DA:185,0
DA:186,0
DA:187,0
DA:188,1
LF:188
LH:168
BRDA:11,0,0,2
BRDA:11,1,0,2
BRDA:15,2,0,1
BRDA:30,3,0,2
BRDA:30,4,0,2
BRDA:49,5,0,1
BRDA:58,6,0,4
BRDA:58,7,0,4
BRDA:68,8,0,0
BRDA:75,9,0,0
BRDA:103,10,0,0
BRDA:108,11,0,1
BRDA:108,12,0,1
BRDA:119,13,0,0
BRDA:132,14,0,0
BRDA:156,15,0,0
BRDA:142,16,0,2
BRDA:167,17,0,1
BRDA:167,18,0,1
BRDA:175,19,0,0
BRDA:184,20,0,0
BRF:21
BRH:13
end_of_record
TN:
SF:src/services/response.services.ts
FN:11,GetAllResponse
FN:30,GetOneResponseById
FN:52,CreateResponse
FN:108,UpdateResponse
FN:132,DeleteResponse
FNF:5
FNH:5
FNDA:2,GetAllResponse
FNDA:2,GetOneResponseById
FNDA:4,CreateResponse
FNDA:1,UpdateResponse
FNDA:1,DeleteResponse
DA:1,1
DA:2,1
DA:3,1
DA:4,1
DA:5,1
DA:6,1
DA:7,1
DA:8,1
DA:9,1
DA:10,1
DA:11,1
DA:12,2
DA:13,2
DA:14,2
DA:15,2
DA:16,1
DA:17,1
DA:18,1
DA:19,1
DA:20,1
DA:21,1
DA:22,1
DA:23,2
DA:24,1
DA:25,1
DA:26,1
DA:27,1
DA:28,1
DA:29,1
DA:30,1
DA:31,2
DA:32,2
DA:33,2
DA:34,2
DA:35,2
DA:36,2
DA:37,2
DA:38,2
DA:39,2
DA:40,2
DA:41,2
DA:42,2
DA:43,1
DA:44,1
DA:45,1
DA:46,1
DA:47,1
DA:48,1
DA:49,2
DA:50,1
DA:51,1
DA:52,1
DA:53,4
DA:54,4
DA:55,4
DA:56,4
DA:57,4
DA:58,4
DA:59,4
DA:60,4
DA:61,4
DA:62,4
DA:63,4
DA:64,4
DA:65,4
DA:66,4
DA:67,4
DA:68,4
DA:69,4
DA:70,4
DA:71,4
DA:72,4
DA:73,4
DA:74,4
DA:75,4
DA:76,4
DA:77,4
DA:78,4
DA:79,4
DA:80,4
DA:81,4
DA:82,4
DA:83,4
DA:84,4
DA:85,4
DA:86,4
DA:87,4
DA:88,4
DA:89,4
DA:90,4
DA:91,4
DA:92,4
DA:93,4
DA:94,4
DA:95,4
DA:96,4
DA:97,4
DA:98,4
DA:99,4
DA:100,4
DA:101,4
DA:102,4
DA:103,4
DA:104,0
DA:105,0
DA:106,4
DA:107,1
DA:108,1
DA:109,1
DA:110,1
DA:111,1
DA:112,1
DA:113,1
DA:114,1
DA:115,1
DA:116,1
DA:117,1
DA:118,1
DA:119,1
DA:120,1
DA:121,1
DA:122,0
DA:123,0
DA:124,1
DA:125,1
DA:126,1
DA:127,1
DA:128,1
DA:129,1
DA:130,1
DA:131,1
DA:132,1
DA:133,1
DA:134,1
DA:135,1
DA:136,1
DA:137,1
DA:138,1
DA:139,1
DA:140,1
DA:141,0
DA:142,0
DA:143,1
LF:143
LH:137
BRDA:11,0,0,2
BRDA:11,1,0,2
BRDA:15,2,0,1
BRDA:30,3,0,2
BRDA:30,4,0,2
BRDA:42,5,0,1
BRDA:52,6,0,4
BRDA:52,7,0,4
BRDA:60,8,0,0
BRDA:73,9,0,0
BRDA:103,10,0,0
BRDA:108,11,0,1
BRDA:108,12,0,1
BRDA:121,13,0,0
BRDA:132,14,0,1
BRDA:132,15,0,1
BRDA:140,16,0,0
BRF:17
BRH:12
end_of_record
TN:
SF:src/services/skill.services.ts
FN:10,GetAllSkills
FN:26,GetOneSkilltById
FNF:2
FNH:2
FNDA:1,GetAllSkills
FNDA:1,GetOneSkilltById
DA:1,1
DA:2,1
DA:3,1
DA:4,1
DA:5,1
DA:6,1
DA:7,1
DA:8,1
DA:9,1
DA:10,1
DA:11,1
DA:12,1
DA:13,1
DA:14,1
DA:15,0
DA:16,0
DA:17,1
DA:18,1
DA:19,1
DA:20,1
DA:21,1
DA:22,1
DA:23,1
DA:24,1
DA:25,1
DA:26,1
DA:27,1
DA:28,1
DA:29,1
DA:30,1
DA:31,1
DA:32,1
DA:33,1
DA:34,0
DA:35,0
LF:35
LH:31
BRDA:10,0,0,1
BRDA:10,1,0,1
BRDA:14,2,0,0
BRDA:26,3,0,1
BRDA:26,4,0,1
BRDA:34,5,0,0
BRF:6
BRH:4
end_of_record
TN:
SF:src/test/helpers/users.ts
FNF:0
FNH:0
DA:1,1
DA:2,1
DA:3,1
DA:4,1
DA:5,1
DA:6,1
LF:6
LH:6
BRF:0
BRH:0
end_of_record
TN:
SF:utils/checkFields.ts
FN:13,CheckExistingFieldForZod
FN:60,CheckExistingField
FN:81,CheckExistingFieldOrThrow
FN:106,checkExistingFieldRequestOrThrow
FNF:4
FNH:2
FNDA:31,CheckExistingFieldForZod
FNDA:3,CheckExistingField
FNDA:0,CheckExistingFieldOrThrow
FNDA:0,checkExistingFieldRequestOrThrow
DA:1,1
DA:2,1
DA:3,1
DA:4,1
DA:5,1
DA:6,1
DA:7,1
DA:8,1
DA:9,1
DA:10,1
DA:11,1
DA:12,1
DA:13,1
DA:14,31
DA:15,31
DA:16,31
DA:17,31
DA:18,31
DA:19,31
DA:20,31
DA:21,31
DA:22,31
DA:23,31
DA:24,31
DA:25,18
DA:26,18
DA:27,31
DA:28,4
DA:29,4
DA:30,31
DA:31,0
DA:32,0
DA:33,31
DA:34,4
DA:35,4
DA:36,31
DA:37,5
DA:38,5
DA:39,31
DA:40,0
DA:41,0
DA:42,31
DA:43,0
DA:44,31
DA:45,31
DA:46,31
DA:47,31
DA:48,0
DA:49,0
DA:50,0
DA:51,31
DA:52,31
DA:53,1
DA:54,1
DA:55,1
DA:56,1
DA:57,1
DA:58,1
DA:59,1
DA:60,1
DA:61,3
DA:62,3
DA:63,3
DA:64,3
DA:65,3
DA:66,3
DA:67,3
DA:68,1
DA:69,1
DA:70,3
DA:71,1
DA:72,1
DA:73,3
DA:74,1
DA:75,1
DA:76,1
DA:77,1
DA:78,1
DA:79,1
DA:80,1
DA:81,1
DA:82,0
DA:83,0
DA:84,0
DA:85,0
DA:86,0
DA:87,0
DA:88,0
DA:89,0
DA:90,0
DA:91,0
DA:92,0
DA:93,0
DA:94,0
DA:95,0
DA:96,0
DA:97,1
DA:98,1
DA:99,1
DA:100,1
DA:101,1
DA:102,1
DA:103,1
DA:104,1
DA:105,1
DA:106,1
DA:107,0
DA:108,0
DA:109,0
DA:110,0
DA:111,0
DA:112,0
DA:113,0
DA:114,0
DA:115,0
DA:116,0
DA:117,0
DA:118,0
DA:119,0
DA:120,0
DA:121,0
DA:122,0
DA:123,0
DA:124,0
LF:124
LH:83
BRDA:13,0,0,31
BRDA:13,1,0,31
BRDA:24,2,0,18
BRDA:27,3,0,4
BRDA:30,4,0,0
BRDA:33,5,0,4
BRDA:36,6,0,5
BRDA:39,7,0,0
BRDA:42,8,0,0
BRDA:46,9,0,28
BRDA:47,10,0,0
BRDA:60,11,0,3
BRDA:60,12,0,3
BRDA:67,13,0,1
BRDA:70,14,0,1
BRF:15
BRH:11
end_of_record
TN:
SF:utils/customErrors.ts
FN:2,alreadyTakenError
FN:6,notFoundError
FN:10,badCredentialsError
FN:14,badRequestError
FN:18,serverError
FN:22,NoContent
FNF:6
FNH:5
FNDA:1,alreadyTakenError
FNDA:1,notFoundError
FNDA:1,badCredentialsError
FNDA:1,badRequestError
FNDA:0,serverError
FNDA:1,NoContent
DA:1,1
DA:2,1
DA:3,1
DA:4,1
DA:5,1
DA:6,1
DA:7,1
DA:8,1
DA:9,1
DA:10,1
DA:11,1
DA:12,1
DA:13,1
DA:14,1
DA:15,1
DA:16,1
DA:17,1
DA:18,0
DA:19,0
DA:20,0
DA:21,1
DA:22,1
DA:23,1
DA:24,1
LF:24
LH:21
BRDA:2,0,0,1
BRDA:6,1,0,1
BRDA:10,2,0,1
BRDA:14,3,0,1
BRDA:22,4,0,1
BRF:5
BRH:5
end_of_record
TN:
SF:utils/findRole.ts
FN:6,FindRoleId
FNF:1
FNH:1
FNDA:1,FindRoleId
DA:1,1
DA:2,1
DA:3,1
DA:4,1
DA:5,1
DA:6,1
DA:7,1
DA:8,1
DA:9,1
DA:10,1
DA:11,1
DA:12,1
DA:13,1
DA:14,1
DA:15,1
LF:15
LH:15
BRDA:6,0,0,1
BRDA:6,1,0,1
BRF:2
BRH:2
end_of_record
TN:
SF:utils/pusher.ts
FN:11,PusherChat
FNF:1
FNH:0
FNDA:0,PusherChat
DA:1,1
DA:2,1
DA:3,1
DA:4,1
DA:5,1
DA:6,1
DA:7,1
DA:8,1
DA:9,1
DA:10,1
DA:11,1
DA:12,0
DA:13,0
DA:14,0
DA:15,0
DA:16,0
DA:17,0
LF:17
LH:11
BRDA:5,0,0,0
BRDA:6,1,0,0
BRDA:7,2,0,0
BRDA:8,3,0,0
BRF:4
BRH:0
end_of_record
TN:
SF:validators/auth.validator.ts
FNF:0
FNH:0
DA:1,1
DA:2,1
DA:3,1
DA:4,1
DA:5,1
DA:6,1
DA:7,1
DA:8,1
DA:9,1
DA:10,1
DA:11,1
DA:12,1
DA:13,1
DA:14,1
DA:15,1
DA:16,1
DA:17,1
DA:18,1
DA:19,1
DA:20,1
DA:21,1
DA:22,1
DA:23,1
DA:24,1
DA:25,1
DA:26,1
DA:27,1
DA:28,1
DA:29,1
LF:29
LH:29
BRF:0
BRH:0
end_of_record
TN:
SF:validators/message.validator.ts
FNF:0
FNH:0
DA:1,1
DA:2,1
DA:3,1
DA:4,1
DA:5,1
DA:6,1
DA:7,5
DA:8,5
DA:9,1
DA:10,1
DA:11,1
DA:12,1
DA:13,1
DA:14,1
DA:15,1
DA:16,1
DA:17,1
DA:18,5
DA:19,5
DA:20,1
DA:21,1
DA:22,1
DA:23,1
DA:24,1
DA:25,1
DA:26,1
DA:27,1
DA:28,5
DA:29,5
DA:30,1
DA:31,1
DA:32,1
DA:33,1
DA:34,1
DA:35,1
DA:36,1
DA:37,1
LF:37
LH:37
BRDA:6,0,0,5
BRDA:6,1,0,5
BRDA:8,2,0,1
BRDA:17,3,0,5
BRDA:17,4,0,5
BRDA:19,5,0,1
BRDA:27,6,0,5
BRDA:27,7,0,5
BRDA:29,8,0,1
BRF:9
BRH:9
end_of_record
TN:
SF:validators/request.validator.ts
FNF:0
FNH:0
DA:1,1
DA:2,1
DA:3,1
DA:4,1
DA:5,1
DA:6,1
DA:7,1
DA:8,1
DA:9,4
DA:10,4
DA:11,0
DA:12,0
DA:13,0
DA:14,0
DA:15,0
DA:16,0
DA:17,1
DA:18,1
DA:19,4
DA:20,4
DA:21,4
DA:22,4
DA:23,4
DA:24,4
DA:25,4
DA:26,0
DA:27,0
DA:28,0
DA:29,0
DA:30,0
DA:31,0
DA:32,4
DA:33,4
DA:34,1
DA:35,1
DA:36,1
DA:37,1
DA:38,1
DA:39,1
DA:40,1
DA:41,2
DA:42,2
DA:43,1
DA:44,1
DA:45,1
DA:46,1
DA:47,1
DA:48,1
DA:49,1
DA:50,1
DA:51,1
DA:52,1
DA:53,1
DA:54,1
DA:55,1
DA:56,1
DA:57,2
DA:58,2
DA:59,2
DA:60,1
DA:61,1
DA:62,1
DA:63,1
DA:64,1
DA:65,1
DA:66,1
DA:67,1
LF:67
LH:55
BRDA:8,0,0,4
BRDA:8,1,0,4
BRDA:10,2,0,0
BRDA:18,3,0,4
BRDA:18,4,0,4
BRDA:23,5,0,0
BRDA:25,6,0,0
BRDA:40,7,0,2
BRDA:40,8,0,2
BRDA:42,9,0,1
BRDA:56,10,0,2
BRDA:56,11,0,2
BRDA:59,12,0,1
BRF:13
BRH:10
end_of_record
TN:
SF:validators/resp.validator.ts
FNF:0
FNH:0
DA:1,1
DA:2,1
DA:3,1
DA:4,1
DA:5,1
DA:6,1
DA:7,4
DA:8,4
DA:9,4
DA:10,0
DA:11,0
DA:12,0
DA:13,0
DA:14,0
DA:15,0
DA:16,1
DA:17,1
DA:18,4
DA:19,4
DA:20,4
DA:21,0
DA:22,0
DA:23,0
DA:24,0
DA:25,0
DA:26,0
DA:27,1
DA:28,1
DA:29,1
DA:30,1
DA:31,1
DA:32,1
DA:33,1
DA:34,1
DA:35,2
DA:36,2
DA:37,1
DA:38,1
DA:39,1
DA:40,1
DA:41,1
DA:42,1
DA:43,1
DA:44,1
DA:45,1
DA:46,1
DA:47,1
DA:48,1
DA:49,1
DA:50,1
DA:51,2
DA:52,2
DA:53,1
DA:54,1
DA:55,1
DA:56,1
DA:57,1
DA:58,1
DA:59,1
DA:60,1
LF:60
LH:48
BRDA:6,0,0,4
BRDA:6,1,0,4
BRDA:9,2,0,0
BRDA:17,3,0,4
BRDA:17,4,0,4
BRDA:20,5,0,0
BRDA:34,6,0,2
BRDA:34,7,0,2
BRDA:36,8,0,1
BRDA:50,9,0,2
BRDA:50,10,0,2
BRDA:52,11,0,1
BRF:12
BRH:10
end_of_record
